# JRE version: OpenJDK Runtime Environment (11.0.10) (build 11.0.10+0-b96-7249189)
# Java VM: OpenJDK 64-Bit Server VM (11.0.10+0-b96-7249189, mixed mode, tiered, compressed oops, g1 gc, windows-amd64)
Heap:
 garbage-first heap   total 236544K, used 33684K [0x0000000741800000, 0x0000000800000000)
  region size 1024K, 6 young (6144K), 6 survivors (6144K)
 Metaspace       used 53737K, capacity 54429K, committed 54448K, reserved 1107968K
  class space    used 6364K, capacity 6646K, committed 6656K, reserved 1048576K
GC Heap History (10 events):
Event: 0.680 GC heap before
{Heap before GC invocations=0 (full 0):
 garbage-first heap   total 196608K, used 17408K [0x0000000741800000, 0x0000000800000000)
  region size 1024K, 14 young (14336K), 0 survivors (0K)
 Metaspace       used 9797K, capacity 9935K, committed 10112K, reserved 1058816K
  class space    used 839K, capacity 884K, committed 896K, reserved 1048576K
}
Event: 0.684 GC heap after
{Heap after GC invocations=1 (full 0):
 garbage-first heap   total 196608K, used 5213K [0x0000000741800000, 0x0000000800000000)
  region size 1024K, 2 young (2048K), 2 survivors (2048K)
 Metaspace       used 9797K, capacity 9935K, committed 10112K, reserved 1058816K
  class space    used 839K, capacity 884K, committed 896K, reserved 1048576K
}
Event: 2.241 GC heap before
{Heap before GC invocations=1 (full 0):
 garbage-first heap   total 196608K, used 50269K [0x0000000741800000, 0x0000000800000000)
  region size 1024K, 47 young (48128K), 2 survivors (2048K)
 Metaspace       used 20896K, capacity 21174K, committed 21296K, reserved 1069056K
  class space    used 2262K, capacity 2379K, committed 2432K, reserved 1048576K
}
Event: 2.255 GC heap after
{Heap after GC invocations=2 (full 0):
 garbage-first heap   total 196608K, used 9217K [0x0000000741800000, 0x0000000800000000)
  region size 1024K, 6 young (6144K), 6 survivors (6144K)
 Metaspace       used 20896K, capacity 21174K, committed 21296K, reserved 1069056K
  class space    used 2262K, capacity 2379K, committed 2432K, reserved 1048576K
}
Event: 4.850 GC heap before
{Heap before GC invocations=3 (full 0):
 garbage-first heap   total 196608K, used 61441K [0x0000000741800000, 0x0000000800000000)
  region size 1024K, 53 young (54272K), 6 survivors (6144K)
 Metaspace       used 31907K, capacity 32443K, committed 32560K, reserved 1077248K
  class space    used 3985K, capacity 4195K, committed 4224K, reserved 1048576K
}
Event: 4.874 GC heap after
{Heap after GC invocations=4 (full 0):
 garbage-first heap   total 196608K, used 21083K [0x0000000741800000, 0x0000000800000000)
  region size 1024K, 7 young (7168K), 7 survivors (7168K)
 Metaspace       used 31907K, capacity 32443K, committed 32560K, reserved 1077248K
  class space    used 3985K, capacity 4195K, committed 4224K, reserved 1048576K
}
Event: 5.235 GC heap before
{Heap before GC invocations=4 (full 0):
 garbage-first heap   total 196608K, used 35419K [0x0000000741800000, 0x0000000800000000)
  region size 1024K, 22 young (22528K), 7 survivors (7168K)
 Metaspace       used 35230K, capacity 35723K, committed 35920K, reserved 1081344K
  class space    used 4399K, capacity 4585K, committed 4608K, reserved 1048576K
}
Event: 5.245 GC heap after
{Heap after GC invocations=5 (full 0):
 garbage-first heap   total 196608K, used 22334K [0x0000000741800000, 0x0000000800000000)
  region size 1024K, 8 young (8192K), 8 survivors (8192K)
 Metaspace       used 35230K, capacity 35723K, committed 35920K, reserved 1081344K
  class space    used 4399K, capacity 4585K, committed 4608K, reserved 1048576K
}
Event: 7.581 GC heap before
{Heap before GC invocations=6 (full 0):
 garbage-first heap   total 196608K, used 88894K [0x0000000741800000, 0x0000000800000000)
  region size 1024K, 70 young (71680K), 8 survivors (8192K)
 Metaspace       used 48225K, capacity 48928K, committed 49200K, reserved 1093632K
  class space    used 5726K, capacity 5987K, committed 6016K, reserved 1048576K
}
Event: 7.603 GC heap after
{Heap after GC invocations=7 (full 0):
 garbage-first heap   total 196608K, used 27546K [0x0000000741800000, 0x0000000800000000)
  region size 1024K, 7 young (7168K), 7 survivors (7168K)
 Metaspace       used 48225K, capacity 48928K, committed 49200K, reserved 1093632K
  class space    used 5726K, capacity 5987K, committed 6016K, reserved 1048576K
}

